0 info it worked if it ends with ok
1 verbose cli [ 'C:\\Program Files\\nodejs\\node.exe',
1 verbose cli   'C:\\Program Files\\nodejs\\node_modules\\npm\\bin\\npm-cli.js',
1 verbose cli   'install',
1 verbose cli   'bcrypt@0.8.5',
1 verbose cli   '--save' ]
2 info using npm@3.8.9
3 info using node@v6.2.0
4 silly loadCurrentTree Starting
5 silly install loadCurrentTree
6 silly install readLocalPackageData
7 silly fetchPackageMetaData bcrypt@0.8.5
8 silly fetchNamedPackageData bcrypt
9 silly mapToRegistry name bcrypt
10 silly mapToRegistry using default registry
11 silly mapToRegistry registry https://registry.npmjs.org/
12 silly mapToRegistry data Result {
12 silly mapToRegistry   raw: 'bcrypt',
12 silly mapToRegistry   scope: null,
12 silly mapToRegistry   name: 'bcrypt',
12 silly mapToRegistry   rawSpec: '',
12 silly mapToRegistry   spec: 'latest',
12 silly mapToRegistry   type: 'tag' }
13 silly mapToRegistry uri https://registry.npmjs.org/bcrypt
14 verbose request uri https://registry.npmjs.org/bcrypt
15 verbose request no auth needed
16 info attempt registry request try #1 at 3:41:20 PM
17 verbose request id 559fb15730101921
18 verbose etag "7RZPOANAEOCJKR9JQU6SAU1FT"
19 http request GET https://registry.npmjs.org/bcrypt
20 http 304 https://registry.npmjs.org/bcrypt
21 verbose headers { date: 'Wed, 15 Jun 2016 20:41:20 GMT',
21 verbose headers   via: '1.1 varnish',
21 verbose headers   'cache-control': 'max-age=300',
21 verbose headers   etag: '"7RZPOANAEOCJKR9JQU6SAU1FT"',
21 verbose headers   age: '186',
21 verbose headers   connection: 'keep-alive',
21 verbose headers   'x-served-by': 'cache-ord1724-ORD',
21 verbose headers   'x-cache': 'HIT',
21 verbose headers   'x-cache-hits': '2',
21 verbose headers   'x-timer': 'S1466023280.240909,VS0,VE0',
21 verbose headers   vary: 'Accept-Encoding' }
22 silly get cb [ 304,
22 silly get   { date: 'Wed, 15 Jun 2016 20:41:20 GMT',
22 silly get     via: '1.1 varnish',
22 silly get     'cache-control': 'max-age=300',
22 silly get     etag: '"7RZPOANAEOCJKR9JQU6SAU1FT"',
22 silly get     age: '186',
22 silly get     connection: 'keep-alive',
22 silly get     'x-served-by': 'cache-ord1724-ORD',
22 silly get     'x-cache': 'HIT',
22 silly get     'x-cache-hits': '2',
22 silly get     'x-timer': 'S1466023280.240909,VS0,VE0',
22 silly get     vary: 'Accept-Encoding' } ]
23 verbose etag https://registry.npmjs.org/bcrypt from cache
24 verbose get saving bcrypt to C:\Users\Nani\AppData\Roaming\npm-cache\registry.npmjs.org\bcrypt\.cache.json
25 verbose correctMkdir C:\Users\Nani\AppData\Roaming\npm-cache correctMkdir not in flight; initializing
26 silly install normalizeTree
27 silly loadCurrentTree Finishing
28 silly loadIdealTree Starting
29 silly install loadIdealTree
30 silly cloneCurrentTree Starting
31 silly install cloneCurrentTreeToIdealTree
32 silly cloneCurrentTree Finishing
33 silly loadShrinkwrap Starting
34 silly install loadShrinkwrap
35 silly loadShrinkwrap Finishing
36 silly loadAllDepsIntoIdealTree Starting
37 silly install loadAllDepsIntoIdealTree
38 silly resolveWithNewModule bcrypt@0.8.5 checking installable status
39 silly cache add args [ 'bcrypt@0.8.5', null ]
40 verbose cache add spec bcrypt@0.8.5
41 silly cache add parsed spec Result {
41 silly cache add   raw: 'bcrypt@0.8.5',
41 silly cache add   scope: null,
41 silly cache add   name: 'bcrypt',
41 silly cache add   rawSpec: '0.8.5',
41 silly cache add   spec: '0.8.5',
41 silly cache add   type: 'version' }
42 silly addNamed bcrypt@0.8.5
43 verbose addNamed "0.8.5" is a plain semver version for bcrypt
44 silly mapToRegistry name bcrypt
45 silly mapToRegistry using default registry
46 silly mapToRegistry registry https://registry.npmjs.org/
47 silly mapToRegistry data Result {
47 silly mapToRegistry   raw: 'bcrypt',
47 silly mapToRegistry   scope: null,
47 silly mapToRegistry   name: 'bcrypt',
47 silly mapToRegistry   rawSpec: '',
47 silly mapToRegistry   spec: 'latest',
47 silly mapToRegistry   type: 'tag' }
48 silly mapToRegistry uri https://registry.npmjs.org/bcrypt
49 verbose addNameVersion registry:https://registry.npmjs.org/bcrypt not in flight; fetching
50 verbose get https://registry.npmjs.org/bcrypt not expired, no request
51 silly cache afterAdd bcrypt@0.8.5
52 verbose afterAdd C:\Users\Nani\AppData\Roaming\npm-cache\bcrypt\0.8.5\package\package.json not in flight; writing
53 verbose correctMkdir C:\Users\Nani\AppData\Roaming\npm-cache correctMkdir not in flight; initializing
54 verbose afterAdd C:\Users\Nani\AppData\Roaming\npm-cache\bcrypt\0.8.5\package\package.json written
55 silly fetchNamedPackageData bindings
56 silly mapToRegistry name bindings
57 silly mapToRegistry using default registry
58 silly mapToRegistry registry https://registry.npmjs.org/
59 silly mapToRegistry data Result {
59 silly mapToRegistry   raw: 'bindings',
59 silly mapToRegistry   scope: null,
59 silly mapToRegistry   name: 'bindings',
59 silly mapToRegistry   rawSpec: '',
59 silly mapToRegistry   spec: 'latest',
59 silly mapToRegistry   type: 'tag' }
60 silly mapToRegistry uri https://registry.npmjs.org/bindings
61 silly fetchNamedPackageData nan
62 silly mapToRegistry name nan
63 silly mapToRegistry using default registry
64 silly mapToRegistry registry https://registry.npmjs.org/
65 silly mapToRegistry data Result {
65 silly mapToRegistry   raw: 'nan',
65 silly mapToRegistry   scope: null,
65 silly mapToRegistry   name: 'nan',
65 silly mapToRegistry   rawSpec: '',
65 silly mapToRegistry   spec: 'latest',
65 silly mapToRegistry   type: 'tag' }
66 silly mapToRegistry uri https://registry.npmjs.org/nan
67 verbose request uri https://registry.npmjs.org/bindings
68 verbose request no auth needed
69 info attempt registry request try #1 at 3:41:21 PM
70 verbose etag "33TX4J3DNTGF7K41ZUV6OA182"
71 http request GET https://registry.npmjs.org/bindings
72 verbose request uri https://registry.npmjs.org/nan
73 verbose request no auth needed
74 info attempt registry request try #1 at 3:41:21 PM
75 verbose etag "12RFHNMU7CS3WJ1892HQLM0NB"
76 http request GET https://registry.npmjs.org/nan
77 http 304 https://registry.npmjs.org/bindings
78 verbose headers { date: 'Wed, 15 Jun 2016 20:41:20 GMT',
78 verbose headers   via: '1.1 varnish',
78 verbose headers   'cache-control': 'max-age=300',
78 verbose headers   etag: '"33TX4J3DNTGF7K41ZUV6OA182"',
78 verbose headers   age: '88',
78 verbose headers   connection: 'keep-alive',
78 verbose headers   'x-served-by': 'cache-ord1724-ORD',
78 verbose headers   'x-cache': 'HIT',
78 verbose headers   'x-cache-hits': '1',
78 verbose headers   'x-timer': 'S1466023280.558279,VS0,VE0',
78 verbose headers   vary: 'Accept-Encoding' }
79 silly get cb [ 304,
79 silly get   { date: 'Wed, 15 Jun 2016 20:41:20 GMT',
79 silly get     via: '1.1 varnish',
79 silly get     'cache-control': 'max-age=300',
79 silly get     etag: '"33TX4J3DNTGF7K41ZUV6OA182"',
79 silly get     age: '88',
79 silly get     connection: 'keep-alive',
79 silly get     'x-served-by': 'cache-ord1724-ORD',
79 silly get     'x-cache': 'HIT',
79 silly get     'x-cache-hits': '1',
79 silly get     'x-timer': 'S1466023280.558279,VS0,VE0',
79 silly get     vary: 'Accept-Encoding' } ]
80 verbose etag https://registry.npmjs.org/bindings from cache
81 verbose get saving bindings to C:\Users\Nani\AppData\Roaming\npm-cache\registry.npmjs.org\bindings\.cache.json
82 verbose correctMkdir C:\Users\Nani\AppData\Roaming\npm-cache correctMkdir not in flight; initializing
83 silly resolveWithNewModule bindings@1.2.1 checking installable status
84 silly cache add args [ 'bindings@1.2.1', null ]
85 verbose cache add spec bindings@1.2.1
86 silly cache add parsed spec Result {
86 silly cache add   raw: 'bindings@1.2.1',
86 silly cache add   scope: null,
86 silly cache add   name: 'bindings',
86 silly cache add   rawSpec: '1.2.1',
86 silly cache add   spec: '1.2.1',
86 silly cache add   type: 'version' }
87 silly addNamed bindings@1.2.1
88 verbose addNamed "1.2.1" is a plain semver version for bindings
89 silly mapToRegistry name bindings
90 silly mapToRegistry using default registry
91 silly mapToRegistry registry https://registry.npmjs.org/
92 silly mapToRegistry data Result {
92 silly mapToRegistry   raw: 'bindings',
92 silly mapToRegistry   scope: null,
92 silly mapToRegistry   name: 'bindings',
92 silly mapToRegistry   rawSpec: '',
92 silly mapToRegistry   spec: 'latest',
92 silly mapToRegistry   type: 'tag' }
93 silly mapToRegistry uri https://registry.npmjs.org/bindings
94 verbose addNameVersion registry:https://registry.npmjs.org/bindings not in flight; fetching
95 verbose get https://registry.npmjs.org/bindings not expired, no request
96 silly cache afterAdd bindings@1.2.1
97 verbose afterAdd C:\Users\Nani\AppData\Roaming\npm-cache\bindings\1.2.1\package\package.json not in flight; writing
98 verbose correctMkdir C:\Users\Nani\AppData\Roaming\npm-cache correctMkdir not in flight; initializing
99 verbose afterAdd C:\Users\Nani\AppData\Roaming\npm-cache\bindings\1.2.1\package\package.json written
100 http 304 https://registry.npmjs.org/nan
101 verbose headers { date: 'Wed, 15 Jun 2016 20:41:20 GMT',
101 verbose headers   via: '1.1 varnish',
101 verbose headers   'cache-control': 'max-age=300',
101 verbose headers   etag: '"12RFHNMU7CS3WJ1892HQLM0NB"',
101 verbose headers   age: '195',
101 verbose headers   connection: 'keep-alive',
101 verbose headers   'x-served-by': 'cache-ord1735-ORD',
101 verbose headers   'x-cache': 'HIT',
101 verbose headers   'x-cache-hits': '9',
101 verbose headers   'x-timer': 'S1466023280.669454,VS0,VE0',
101 verbose headers   vary: 'Accept-Encoding' }
102 silly get cb [ 304,
102 silly get   { date: 'Wed, 15 Jun 2016 20:41:20 GMT',
102 silly get     via: '1.1 varnish',
102 silly get     'cache-control': 'max-age=300',
102 silly get     etag: '"12RFHNMU7CS3WJ1892HQLM0NB"',
102 silly get     age: '195',
102 silly get     connection: 'keep-alive',
102 silly get     'x-served-by': 'cache-ord1735-ORD',
102 silly get     'x-cache': 'HIT',
102 silly get     'x-cache-hits': '9',
102 silly get     'x-timer': 'S1466023280.669454,VS0,VE0',
102 silly get     vary: 'Accept-Encoding' } ]
103 verbose etag https://registry.npmjs.org/nan from cache
104 verbose get saving nan to C:\Users\Nani\AppData\Roaming\npm-cache\registry.npmjs.org\nan\.cache.json
105 verbose correctMkdir C:\Users\Nani\AppData\Roaming\npm-cache correctMkdir not in flight; initializing
106 silly resolveWithNewModule nan@2.0.5 checking installable status
107 silly cache add args [ 'nan@2.0.5', null ]
108 verbose cache add spec nan@2.0.5
109 silly cache add parsed spec Result {
109 silly cache add   raw: 'nan@2.0.5',
109 silly cache add   scope: null,
109 silly cache add   name: 'nan',
109 silly cache add   rawSpec: '2.0.5',
109 silly cache add   spec: '2.0.5',
109 silly cache add   type: 'version' }
110 silly addNamed nan@2.0.5
111 verbose addNamed "2.0.5" is a plain semver version for nan
112 silly mapToRegistry name nan
113 silly mapToRegistry using default registry
114 silly mapToRegistry registry https://registry.npmjs.org/
115 silly mapToRegistry data Result {
115 silly mapToRegistry   raw: 'nan',
115 silly mapToRegistry   scope: null,
115 silly mapToRegistry   name: 'nan',
115 silly mapToRegistry   rawSpec: '',
115 silly mapToRegistry   spec: 'latest',
115 silly mapToRegistry   type: 'tag' }
116 silly mapToRegistry uri https://registry.npmjs.org/nan
117 verbose addNameVersion registry:https://registry.npmjs.org/nan not in flight; fetching
118 verbose get https://registry.npmjs.org/nan not expired, no request
119 silly cache afterAdd nan@2.0.5
120 verbose afterAdd C:\Users\Nani\AppData\Roaming\npm-cache\nan\2.0.5\package\package.json not in flight; writing
121 verbose correctMkdir C:\Users\Nani\AppData\Roaming\npm-cache correctMkdir not in flight; initializing
122 verbose afterAdd C:\Users\Nani\AppData\Roaming\npm-cache\nan\2.0.5\package\package.json written
123 silly loadAllDepsIntoIdealTree Finishing
124 silly idealTree:prePrune todo-api@1.0.0
124 silly idealTree:prePrune +-- abbrev@1.0.9
124 silly idealTree:prePrune +-- accepts@1.2.13
124 silly idealTree:prePrune +-- ansi-regex@2.0.0
124 silly idealTree:prePrune +-- ansi-styles@2.2.1
124 silly idealTree:prePrune +-- ansi@0.3.1
124 silly idealTree:prePrune +-- ap@0.2.0
124 silly idealTree:prePrune +-- are-we-there-yet@1.1.2
124 silly idealTree:prePrune +-- array-flatten@1.1.1
124 silly idealTree:prePrune +-- array-index@1.0.0
124 silly idealTree:prePrune +-- asn1@0.2.3
124 silly idealTree:prePrune +-- assert-plus@0.2.0
124 silly idealTree:prePrune +-- async@1.5.2
124 silly idealTree:prePrune +-- aws-sign2@0.6.0
124 silly idealTree:prePrune +-- aws4@1.4.1
124 silly idealTree:prePrune +-- balanced-match@0.4.1
124 silly idealTree:prePrune +-- bcrypt@0.8.5
124 silly idealTree:prePrune | `-- nan@2.0.5
124 silly idealTree:prePrune +-- bcryptjs@2.3.0
124 silly idealTree:prePrune +-- bindings@1.2.1
124 silly idealTree:prePrune +-- bl@1.1.2
124 silly idealTree:prePrune +-- block-stream@0.0.9
124 silly idealTree:prePrune +-- bluebird@2.9.34
124 silly idealTree:prePrune +-- body-parser@1.15.1
124 silly idealTree:prePrune +-- boom@2.10.1
124 silly idealTree:prePrune +-- brace-expansion@1.1.5
124 silly idealTree:prePrune +-- buffer-writer@1.0.0
124 silly idealTree:prePrune +-- bytes@2.3.0
124 silly idealTree:prePrune +-- caseless@0.11.0
124 silly idealTree:prePrune +-- chalk@1.1.3
124 silly idealTree:prePrune +-- combined-stream@1.0.5
124 silly idealTree:prePrune +-- commander@2.9.0
124 silly idealTree:prePrune +-- concat-map@0.0.1
124 silly idealTree:prePrune +-- concat-stream@1.5.1
124 silly idealTree:prePrune +-- content-disposition@0.5.1
124 silly idealTree:prePrune +-- content-type@1.0.2
124 silly idealTree:prePrune +-- cookie-signature@1.0.6
124 silly idealTree:prePrune +-- cookie@0.1.5
124 silly idealTree:prePrune +-- core-util-is@1.0.2
124 silly idealTree:prePrune +-- cryptiles@2.0.5
124 silly idealTree:prePrune +-- d@0.1.1
124 silly idealTree:prePrune +-- dashdash@1.14.0
124 silly idealTree:prePrune | `-- assert-plus@1.0.0
124 silly idealTree:prePrune +-- debug@2.2.0
124 silly idealTree:prePrune +-- delayed-stream@1.0.0
124 silly idealTree:prePrune +-- delegates@1.0.0
124 silly idealTree:prePrune +-- depd@1.1.0
124 silly idealTree:prePrune +-- destroy@1.0.4
124 silly idealTree:prePrune +-- dottie@0.3.1
124 silly idealTree:prePrune +-- ecc-jsbn@0.1.1
124 silly idealTree:prePrune +-- ee-first@1.1.1
124 silly idealTree:prePrune +-- es5-ext@0.10.11
124 silly idealTree:prePrune | `-- es6-symbol@3.0.2
124 silly idealTree:prePrune +-- es6-iterator@2.0.0
124 silly idealTree:prePrune +-- es6-symbol@3.1.0
124 silly idealTree:prePrune +-- escape-html@1.0.3
124 silly idealTree:prePrune +-- escape-string-regexp@1.0.5
124 silly idealTree:prePrune +-- etag@1.7.0
124 silly idealTree:prePrune +-- express@4.13.4
124 silly idealTree:prePrune | `-- qs@4.0.0
124 silly idealTree:prePrune +-- extend@3.0.0
124 silly idealTree:prePrune +-- extsprintf@1.0.2
124 silly idealTree:prePrune +-- finalhandler@0.4.1
124 silly idealTree:prePrune +-- forever-agent@0.6.1
124 silly idealTree:prePrune +-- form-data@1.0.0-rc4
124 silly idealTree:prePrune +-- forwarded@0.1.0
124 silly idealTree:prePrune +-- fresh@0.3.0
124 silly idealTree:prePrune +-- fstream@1.0.9
124 silly idealTree:prePrune +-- gauge@1.2.7
124 silly idealTree:prePrune +-- generate-function@2.0.0
124 silly idealTree:prePrune +-- generate-object-property@1.2.0
124 silly idealTree:prePrune +-- generic-pool@2.2.0
124 silly idealTree:prePrune +-- getpass@0.1.6
124 silly idealTree:prePrune | `-- assert-plus@1.0.0
124 silly idealTree:prePrune +-- glob@4.5.3
124 silly idealTree:prePrune | `-- minimatch@2.0.10
124 silly idealTree:prePrune +-- graceful-fs@4.1.4
124 silly idealTree:prePrune +-- graceful-readlink@1.0.1
124 silly idealTree:prePrune +-- har-validator@2.0.6
124 silly idealTree:prePrune +-- has-ansi@2.0.0
124 silly idealTree:prePrune +-- has-unicode@2.0.0
124 silly idealTree:prePrune +-- hawk@3.1.3
124 silly idealTree:prePrune +-- hoek@2.16.3
124 silly idealTree:prePrune +-- http-errors@1.4.0
124 silly idealTree:prePrune +-- http-signature@1.1.1
124 silly idealTree:prePrune +-- iconv-lite@0.4.13
124 silly idealTree:prePrune +-- inflection@1.10.0
124 silly idealTree:prePrune +-- inflight@1.0.5
124 silly idealTree:prePrune +-- inherits@2.0.1
124 silly idealTree:prePrune +-- ipaddr.js@1.0.5
124 silly idealTree:prePrune +-- is-my-json-valid@2.13.1
124 silly idealTree:prePrune +-- is-property@1.0.2
124 silly idealTree:prePrune +-- is-typedarray@1.0.0
124 silly idealTree:prePrune +-- isarray@1.0.0
124 silly idealTree:prePrune +-- isexe@1.1.2
124 silly idealTree:prePrune +-- isstream@0.1.2
124 silly idealTree:prePrune +-- jodid25519@1.0.2
124 silly idealTree:prePrune +-- jsbn@0.1.0
124 silly idealTree:prePrune +-- json-schema@0.2.2
124 silly idealTree:prePrune +-- json-stringify-safe@5.0.1
124 silly idealTree:prePrune +-- jsonpointer@2.0.0
124 silly idealTree:prePrune +-- jsprim@1.2.2
124 silly idealTree:prePrune +-- lodash._baseslice@4.0.0
124 silly idealTree:prePrune +-- lodash._basetostring@4.12.0
124 silly idealTree:prePrune +-- lodash.pad@4.4.0
124 silly idealTree:prePrune +-- lodash.padend@4.5.0
124 silly idealTree:prePrune +-- lodash.padstart@4.5.0
124 silly idealTree:prePrune +-- lodash.tostring@4.1.3
124 silly idealTree:prePrune +-- lodash@3.10.1
124 silly idealTree:prePrune +-- lru-cache@2.7.3
124 silly idealTree:prePrune +-- media-typer@0.3.0
124 silly idealTree:prePrune +-- merge-descriptors@1.0.1
124 silly idealTree:prePrune +-- methods@1.1.2
124 silly idealTree:prePrune +-- mime-db@1.23.0
124 silly idealTree:prePrune +-- mime-types@2.1.11
124 silly idealTree:prePrune +-- mime@1.3.4
124 silly idealTree:prePrune +-- minimatch@1.0.0
124 silly idealTree:prePrune +-- minimist@1.1.3
124 silly idealTree:prePrune +-- mkdirp@0.5.1
124 silly idealTree:prePrune | `-- minimist@0.0.8
124 silly idealTree:prePrune +-- moment-timezone@0.4.1
124 silly idealTree:prePrune +-- moment@2.13.0
124 silly idealTree:prePrune +-- ms@0.7.1
124 silly idealTree:prePrune +-- nan@2.3.5
124 silly idealTree:prePrune +-- negotiator@0.5.3
124 silly idealTree:prePrune +-- node-gyp@3.3.1
124 silly idealTree:prePrune +-- node-uuid@1.4.7
124 silly idealTree:prePrune +-- nopt@3.0.6
124 silly idealTree:prePrune +-- npmlog@2.0.4
124 silly idealTree:prePrune +-- oauth-sign@0.8.2
124 silly idealTree:prePrune +-- on-finished@2.3.0
124 silly idealTree:prePrune +-- once@1.3.3
124 silly idealTree:prePrune +-- optimist@0.3.7
124 silly idealTree:prePrune +-- os-homedir@1.0.1
124 silly idealTree:prePrune +-- os-tmpdir@1.0.1
124 silly idealTree:prePrune +-- osenv@0.1.3
124 silly idealTree:prePrune +-- packet-reader@0.2.0
124 silly idealTree:prePrune +-- parseurl@1.3.1
124 silly idealTree:prePrune +-- path-array@1.0.1
124 silly idealTree:prePrune +-- path-is-absolute@1.0.0
124 silly idealTree:prePrune +-- path-to-regexp@0.1.7
124 silly idealTree:prePrune +-- pg-connection-string@0.1.3
124 silly idealTree:prePrune +-- pg-hstore@2.3.2
124 silly idealTree:prePrune +-- pg-types@1.11.0
124 silly idealTree:prePrune +-- pg@4.4.1
124 silly idealTree:prePrune | +-- generic-pool@2.1.1
124 silly idealTree:prePrune | `-- semver@4.3.6
124 silly idealTree:prePrune +-- pgpass@0.0.3
124 silly idealTree:prePrune +-- pinkie-promise@2.0.1
124 silly idealTree:prePrune +-- pinkie@2.0.4
124 silly idealTree:prePrune +-- postgres-array@1.0.0
124 silly idealTree:prePrune +-- postgres-bytea@1.0.0
124 silly idealTree:prePrune +-- postgres-date@1.0.2
124 silly idealTree:prePrune +-- postgres-interval@1.0.2
124 silly idealTree:prePrune +-- process-nextick-args@1.0.7
124 silly idealTree:prePrune +-- proxy-addr@1.0.10
124 silly idealTree:prePrune +-- qs@6.1.0
124 silly idealTree:prePrune +-- range-parser@1.0.3
124 silly idealTree:prePrune +-- raw-body@2.1.6
124 silly idealTree:prePrune +-- readable-stream@2.0.6
124 silly idealTree:prePrune +-- rebuild@0.1.2
124 silly idealTree:prePrune +-- request@2.72.0
124 silly idealTree:prePrune +-- rimraf@2.5.2
124 silly idealTree:prePrune | +-- glob@7.0.3
124 silly idealTree:prePrune | `-- minimatch@3.0.0
124 silly idealTree:prePrune +-- semver@5.1.0
124 silly idealTree:prePrune +-- send@0.13.1
124 silly idealTree:prePrune | +-- http-errors@1.3.1
124 silly idealTree:prePrune | `-- statuses@1.2.1
124 silly idealTree:prePrune +-- sequelize@3.5.1
124 silly idealTree:prePrune +-- serve-static@1.10.3
124 silly idealTree:prePrune | +-- http-errors@1.3.1
124 silly idealTree:prePrune | +-- send@0.13.2
124 silly idealTree:prePrune | `-- statuses@1.2.1
124 silly idealTree:prePrune +-- shimmer@1.0.0
124 silly idealTree:prePrune +-- sigmund@1.0.1
124 silly idealTree:prePrune +-- sntp@1.0.9
124 silly idealTree:prePrune +-- split@0.3.3
124 silly idealTree:prePrune +-- sqlite3@3.1.4
124 silly idealTree:prePrune | +-- abbrev@1.0.7
124 silly idealTree:prePrune | +-- ansi-regex@2.0.0
124 silly idealTree:prePrune | +-- ansi-styles@2.2.1
124 silly idealTree:prePrune | +-- ansi@0.3.1
124 silly idealTree:prePrune | +-- are-we-there-yet@1.1.2
124 silly idealTree:prePrune | +-- asn1@0.2.3
124 silly idealTree:prePrune | +-- assert-plus@0.2.0
124 silly idealTree:prePrune | +-- async@1.5.2
124 silly idealTree:prePrune | +-- aws-sign2@0.6.0
124 silly idealTree:prePrune | +-- aws4@1.4.1
124 silly idealTree:prePrune | +-- balanced-match@0.4.1
124 silly idealTree:prePrune | +-- bl@1.1.2
124 silly idealTree:prePrune | | `-- readable-stream@2.0.6
124 silly idealTree:prePrune | +-- block-stream@0.0.9
124 silly idealTree:prePrune | +-- boom@2.10.1
124 silly idealTree:prePrune | +-- brace-expansion@1.1.4
124 silly idealTree:prePrune | +-- caseless@0.11.0
124 silly idealTree:prePrune | +-- chalk@1.1.3
124 silly idealTree:prePrune | +-- combined-stream@1.0.5
124 silly idealTree:prePrune | +-- commander@2.9.0
124 silly idealTree:prePrune | +-- concat-map@0.0.1
124 silly idealTree:prePrune | +-- core-util-is@1.0.2
124 silly idealTree:prePrune | +-- cryptiles@2.0.5
124 silly idealTree:prePrune | +-- dashdash@1.13.1
124 silly idealTree:prePrune | | `-- assert-plus@1.0.0
124 silly idealTree:prePrune | +-- debug@2.2.0
124 silly idealTree:prePrune | +-- deep-extend@0.4.1
124 silly idealTree:prePrune | +-- delayed-stream@1.0.0
124 silly idealTree:prePrune | +-- delegates@1.0.0
124 silly idealTree:prePrune | +-- ecc-jsbn@0.1.1
124 silly idealTree:prePrune | +-- escape-string-regexp@1.0.5
124 silly idealTree:prePrune | +-- extend@3.0.0
124 silly idealTree:prePrune | +-- extsprintf@1.0.2
124 silly idealTree:prePrune | +-- forever-agent@0.6.1
124 silly idealTree:prePrune | +-- form-data@1.0.0-rc4
124 silly idealTree:prePrune | +-- fstream-ignore@1.0.4
124 silly idealTree:prePrune | +-- fstream@1.0.9
124 silly idealTree:prePrune | +-- gauge@1.2.7
124 silly idealTree:prePrune | +-- generate-function@2.0.0
124 silly idealTree:prePrune | +-- generate-object-property@1.2.0
124 silly idealTree:prePrune | +-- getpass@0.1.6
124 silly idealTree:prePrune | | `-- assert-plus@1.0.0
124 silly idealTree:prePrune | +-- glob@7.0.3
124 silly idealTree:prePrune | +-- graceful-fs@4.1.4
124 silly idealTree:prePrune | +-- graceful-readlink@1.0.1
124 silly idealTree:prePrune | +-- har-validator@2.0.6
124 silly idealTree:prePrune | +-- has-ansi@2.0.0
124 silly idealTree:prePrune | +-- has-unicode@2.0.0
124 silly idealTree:prePrune | +-- hawk@3.1.3
124 silly idealTree:prePrune | +-- hoek@2.16.3
124 silly idealTree:prePrune | +-- http-signature@1.1.1
124 silly idealTree:prePrune | +-- inflight@1.0.4
124 silly idealTree:prePrune | +-- inherits@2.0.1
124 silly idealTree:prePrune | +-- ini@1.3.4
124 silly idealTree:prePrune | +-- is-my-json-valid@2.13.1
124 silly idealTree:prePrune | +-- is-property@1.0.2
124 silly idealTree:prePrune | +-- is-typedarray@1.0.0
124 silly idealTree:prePrune | +-- isarray@1.0.0
124 silly idealTree:prePrune | +-- isstream@0.1.2
124 silly idealTree:prePrune | +-- jodid25519@1.0.2
124 silly idealTree:prePrune | +-- jsbn@0.1.0
124 silly idealTree:prePrune | +-- json-schema@0.2.2
124 silly idealTree:prePrune | +-- json-stringify-safe@5.0.1
124 silly idealTree:prePrune | +-- jsonpointer@2.0.0
124 silly idealTree:prePrune | +-- jsprim@1.2.2
124 silly idealTree:prePrune | +-- lodash._baseslice@4.0.0
124 silly idealTree:prePrune | +-- lodash._basetostring@4.12.0
124 silly idealTree:prePrune | +-- lodash.pad@4.4.0
124 silly idealTree:prePrune | +-- lodash.padend@4.5.0
124 silly idealTree:prePrune | +-- lodash.padstart@4.5.0
124 silly idealTree:prePrune | +-- lodash.tostring@4.1.3
124 silly idealTree:prePrune | +-- mime-db@1.23.0
124 silly idealTree:prePrune | +-- mime-types@2.1.11
124 silly idealTree:prePrune | +-- minimatch@3.0.0
124 silly idealTree:prePrune | +-- minimist@0.0.8
124 silly idealTree:prePrune | +-- mkdirp@0.5.1
124 silly idealTree:prePrune | +-- ms@0.7.1
124 silly idealTree:prePrune | +-- node-pre-gyp@0.6.28
124 silly idealTree:prePrune | +-- node-uuid@1.4.7
124 silly idealTree:prePrune | +-- nopt@3.0.6
124 silly idealTree:prePrune | +-- npmlog@2.0.3
124 silly idealTree:prePrune | +-- oauth-sign@0.8.2
124 silly idealTree:prePrune | +-- once@1.3.3
124 silly idealTree:prePrune | +-- path-is-absolute@1.0.0
124 silly idealTree:prePrune | +-- pinkie-promise@2.0.1
124 silly idealTree:prePrune | +-- pinkie@2.0.4
124 silly idealTree:prePrune | +-- process-nextick-args@1.0.7
124 silly idealTree:prePrune | +-- qs@6.1.0
124 silly idealTree:prePrune | +-- rc@1.1.6
124 silly idealTree:prePrune | | `-- minimist@1.2.0
124 silly idealTree:prePrune | +-- readable-stream@2.1.2
124 silly idealTree:prePrune | +-- request@2.72.0
124 silly idealTree:prePrune | +-- rimraf@2.5.2
124 silly idealTree:prePrune | +-- semver@5.1.0
124 silly idealTree:prePrune | +-- sntp@1.0.9
124 silly idealTree:prePrune | +-- sshpk@1.8.3
124 silly idealTree:prePrune | | `-- assert-plus@1.0.0
124 silly idealTree:prePrune | +-- string_decoder@0.10.31
124 silly idealTree:prePrune | +-- stringstream@0.0.5
124 silly idealTree:prePrune | +-- strip-ansi@3.0.1
124 silly idealTree:prePrune | +-- strip-json-comments@1.0.4
124 silly idealTree:prePrune | +-- supports-color@2.0.0
124 silly idealTree:prePrune | +-- tar-pack@3.1.3
124 silly idealTree:prePrune | | `-- readable-stream@2.0.6
124 silly idealTree:prePrune | +-- tar@2.2.1
124 silly idealTree:prePrune | +-- tough-cookie@2.2.2
124 silly idealTree:prePrune | +-- tunnel-agent@0.4.3
124 silly idealTree:prePrune | +-- tweetnacl@0.13.3
124 silly idealTree:prePrune | +-- uid-number@0.0.6
124 silly idealTree:prePrune | +-- util-deprecate@1.0.2
124 silly idealTree:prePrune | +-- verror@1.3.6
124 silly idealTree:prePrune | +-- wrappy@1.0.1
124 silly idealTree:prePrune | `-- xtend@4.0.1
124 silly idealTree:prePrune +-- sshpk@1.8.3
124 silly idealTree:prePrune | `-- assert-plus@1.0.0
124 silly idealTree:prePrune +-- statuses@1.3.0
124 silly idealTree:prePrune +-- string_decoder@0.10.31
124 silly idealTree:prePrune +-- stringstream@0.0.5
124 silly idealTree:prePrune +-- strip-ansi@3.0.1
124 silly idealTree:prePrune +-- supports-color@2.0.0
124 silly idealTree:prePrune +-- tar@2.2.1
124 silly idealTree:prePrune +-- through@2.3.8
124 silly idealTree:prePrune +-- toposort-class@0.3.1
124 silly idealTree:prePrune +-- tough-cookie@2.2.2
124 silly idealTree:prePrune +-- tunnel-agent@0.4.3
124 silly idealTree:prePrune +-- tweetnacl@0.13.3
124 silly idealTree:prePrune +-- type-is@1.6.13
124 silly idealTree:prePrune +-- typedarray@0.0.6
124 silly idealTree:prePrune +-- underscore@1.8.3
124 silly idealTree:prePrune +-- unpipe@1.0.0
124 silly idealTree:prePrune +-- util-deprecate@1.0.2
124 silly idealTree:prePrune +-- utils-merge@1.0.0
124 silly idealTree:prePrune +-- validator@3.43.0
124 silly idealTree:prePrune +-- vary@1.0.1
124 silly idealTree:prePrune +-- verror@1.3.6
124 silly idealTree:prePrune +-- wellknown@0.3.4
124 silly idealTree:prePrune +-- which@1.2.10
124 silly idealTree:prePrune +-- wkx@0.0.7
124 silly idealTree:prePrune +-- wordwrap@0.0.3
124 silly idealTree:prePrune +-- wrappy@1.0.2
124 silly idealTree:prePrune `-- xtend@4.0.1
125 silly loadIdealTree Finishing
126 silly currentTree todo-api@1.0.0
126 silly currentTree +-- abbrev@1.0.9
126 silly currentTree +-- accepts@1.2.13
126 silly currentTree +-- ansi-regex@2.0.0
126 silly currentTree +-- ansi-styles@2.2.1
126 silly currentTree +-- ansi@0.3.1
126 silly currentTree +-- ap@0.2.0
126 silly currentTree +-- are-we-there-yet@1.1.2
126 silly currentTree +-- array-flatten@1.1.1
126 silly currentTree +-- array-index@1.0.0
126 silly currentTree +-- asn1@0.2.3
126 silly currentTree +-- assert-plus@0.2.0
126 silly currentTree +-- async@1.5.2
126 silly currentTree +-- aws-sign2@0.6.0
126 silly currentTree +-- aws4@1.4.1
126 silly currentTree +-- balanced-match@0.4.1
126 silly currentTree +-- bcryptjs@2.3.0
126 silly currentTree +-- bl@1.1.2
126 silly currentTree +-- block-stream@0.0.9
126 silly currentTree +-- bluebird@2.9.34
126 silly currentTree +-- body-parser@1.15.1
126 silly currentTree +-- boom@2.10.1
126 silly currentTree +-- brace-expansion@1.1.5
126 silly currentTree +-- buffer-writer@1.0.0
126 silly currentTree +-- bytes@2.3.0
126 silly currentTree +-- caseless@0.11.0
126 silly currentTree +-- chalk@1.1.3
126 silly currentTree +-- combined-stream@1.0.5
126 silly currentTree +-- commander@2.9.0
126 silly currentTree +-- concat-map@0.0.1
126 silly currentTree +-- concat-stream@1.5.1
126 silly currentTree +-- content-disposition@0.5.1
126 silly currentTree +-- content-type@1.0.2
126 silly currentTree +-- cookie-signature@1.0.6
126 silly currentTree +-- cookie@0.1.5
126 silly currentTree +-- core-util-is@1.0.2
126 silly currentTree +-- cryptiles@2.0.5
126 silly currentTree +-- d@0.1.1
126 silly currentTree +-- dashdash@1.14.0
126 silly currentTree | `-- assert-plus@1.0.0
126 silly currentTree +-- debug@2.2.0
126 silly currentTree +-- delayed-stream@1.0.0
126 silly currentTree +-- delegates@1.0.0
126 silly currentTree +-- depd@1.1.0
126 silly currentTree +-- destroy@1.0.4
126 silly currentTree +-- dottie@0.3.1
126 silly currentTree +-- ecc-jsbn@0.1.1
126 silly currentTree +-- ee-first@1.1.1
126 silly currentTree +-- es5-ext@0.10.11
126 silly currentTree | `-- es6-symbol@3.0.2
126 silly currentTree +-- es6-iterator@2.0.0
126 silly currentTree +-- es6-symbol@3.1.0
126 silly currentTree +-- escape-html@1.0.3
126 silly currentTree +-- escape-string-regexp@1.0.5
126 silly currentTree +-- etag@1.7.0
126 silly currentTree +-- express@4.13.4
126 silly currentTree | `-- qs@4.0.0
126 silly currentTree +-- extend@3.0.0
126 silly currentTree +-- extsprintf@1.0.2
126 silly currentTree +-- finalhandler@0.4.1
126 silly currentTree +-- forever-agent@0.6.1
126 silly currentTree +-- form-data@1.0.0-rc4
126 silly currentTree +-- forwarded@0.1.0
126 silly currentTree +-- fresh@0.3.0
126 silly currentTree +-- fstream@1.0.9
126 silly currentTree +-- gauge@1.2.7
126 silly currentTree +-- generate-function@2.0.0
126 silly currentTree +-- generate-object-property@1.2.0
126 silly currentTree +-- generic-pool@2.2.0
126 silly currentTree +-- getpass@0.1.6
126 silly currentTree | `-- assert-plus@1.0.0
126 silly currentTree +-- glob@4.5.3
126 silly currentTree | `-- minimatch@2.0.10
126 silly currentTree +-- graceful-fs@4.1.4
126 silly currentTree +-- graceful-readlink@1.0.1
126 silly currentTree +-- har-validator@2.0.6
126 silly currentTree +-- has-ansi@2.0.0
126 silly currentTree +-- has-unicode@2.0.0
126 silly currentTree +-- hawk@3.1.3
126 silly currentTree +-- hoek@2.16.3
126 silly currentTree +-- http-errors@1.4.0
126 silly currentTree +-- http-signature@1.1.1
126 silly currentTree +-- iconv-lite@0.4.13
126 silly currentTree +-- inflection@1.10.0
126 silly currentTree +-- inflight@1.0.5
126 silly currentTree +-- inherits@2.0.1
126 silly currentTree +-- ipaddr.js@1.0.5
126 silly currentTree +-- is-my-json-valid@2.13.1
126 silly currentTree +-- is-property@1.0.2
126 silly currentTree +-- is-typedarray@1.0.0
126 silly currentTree +-- isarray@1.0.0
126 silly currentTree +-- isexe@1.1.2
126 silly currentTree +-- isstream@0.1.2
126 silly currentTree +-- jodid25519@1.0.2
126 silly currentTree +-- jsbn@0.1.0
126 silly currentTree +-- json-schema@0.2.2
126 silly currentTree +-- json-stringify-safe@5.0.1
126 silly currentTree +-- jsonpointer@2.0.0
126 silly currentTree +-- jsprim@1.2.2
126 silly currentTree +-- lodash._baseslice@4.0.0
126 silly currentTree +-- lodash._basetostring@4.12.0
126 silly currentTree +-- lodash.pad@4.4.0
126 silly currentTree +-- lodash.padend@4.5.0
126 silly currentTree +-- lodash.padstart@4.5.0
126 silly currentTree +-- lodash.tostring@4.1.3
126 silly currentTree +-- lodash@3.10.1
126 silly currentTree +-- lru-cache@2.7.3
126 silly currentTree +-- media-typer@0.3.0
126 silly currentTree +-- merge-descriptors@1.0.1
126 silly currentTree +-- methods@1.1.2
126 silly currentTree +-- mime-db@1.23.0
126 silly currentTree +-- mime-types@2.1.11
126 silly currentTree +-- mime@1.3.4
126 silly currentTree +-- minimatch@1.0.0
126 silly currentTree +-- minimist@1.1.3
126 silly currentTree +-- mkdirp@0.5.1
126 silly currentTree | `-- minimist@0.0.8
126 silly currentTree +-- moment-timezone@0.4.1
126 silly currentTree +-- moment@2.13.0
126 silly currentTree +-- ms@0.7.1
126 silly currentTree +-- nan@2.3.5
126 silly currentTree +-- negotiator@0.5.3
126 silly currentTree +-- node-gyp@3.3.1
126 silly currentTree +-- node-uuid@1.4.7
126 silly currentTree +-- nopt@3.0.6
126 silly currentTree +-- npmlog@2.0.4
126 silly currentTree +-- oauth-sign@0.8.2
126 silly currentTree +-- on-finished@2.3.0
126 silly currentTree +-- once@1.3.3
126 silly currentTree +-- optimist@0.3.7
126 silly currentTree +-- os-homedir@1.0.1
126 silly currentTree +-- os-tmpdir@1.0.1
126 silly currentTree +-- osenv@0.1.3
126 silly currentTree +-- packet-reader@0.2.0
126 silly currentTree +-- parseurl@1.3.1
126 silly currentTree +-- path-array@1.0.1
126 silly currentTree +-- path-is-absolute@1.0.0
126 silly currentTree +-- path-to-regexp@0.1.7
126 silly currentTree +-- pg-connection-string@0.1.3
126 silly currentTree +-- pg-hstore@2.3.2
126 silly currentTree +-- pg-types@1.11.0
126 silly currentTree +-- pg@4.4.1
126 silly currentTree | +-- generic-pool@2.1.1
126 silly currentTree | `-- semver@4.3.6
126 silly currentTree +-- pgpass@0.0.3
126 silly currentTree +-- pinkie-promise@2.0.1
126 silly currentTree +-- pinkie@2.0.4
126 silly currentTree +-- postgres-array@1.0.0
126 silly currentTree +-- postgres-bytea@1.0.0
126 silly currentTree +-- postgres-date@1.0.2
126 silly currentTree +-- postgres-interval@1.0.2
126 silly currentTree +-- process-nextick-args@1.0.7
126 silly currentTree +-- proxy-addr@1.0.10
126 silly currentTree +-- qs@6.1.0
126 silly currentTree +-- range-parser@1.0.3
126 silly currentTree +-- raw-body@2.1.6
126 silly currentTree +-- readable-stream@2.0.6
126 silly currentTree +-- rebuild@0.1.2
126 silly currentTree +-- request@2.72.0
126 silly currentTree +-- rimraf@2.5.2
126 silly currentTree | +-- glob@7.0.3
126 silly currentTree | `-- minimatch@3.0.0
126 silly currentTree +-- semver@5.1.0
126 silly currentTree +-- send@0.13.1
126 silly currentTree | +-- http-errors@1.3.1
126 silly currentTree | `-- statuses@1.2.1
126 silly currentTree +-- sequelize@3.5.1
126 silly currentTree +-- serve-static@1.10.3
126 silly currentTree | +-- http-errors@1.3.1
126 silly currentTree | +-- send@0.13.2
126 silly currentTree | `-- statuses@1.2.1
126 silly currentTree +-- shimmer@1.0.0
126 silly currentTree +-- sigmund@1.0.1
126 silly currentTree +-- sntp@1.0.9
126 silly currentTree +-- split@0.3.3
126 silly currentTree +-- sqlite3@3.1.4
126 silly currentTree | +-- abbrev@1.0.7
126 silly currentTree | +-- ansi-regex@2.0.0
126 silly currentTree | +-- ansi-styles@2.2.1
126 silly currentTree | +-- ansi@0.3.1
126 silly currentTree | +-- are-we-there-yet@1.1.2
126 silly currentTree | +-- asn1@0.2.3
126 silly currentTree | +-- assert-plus@0.2.0
126 silly currentTree | +-- async@1.5.2
126 silly currentTree | +-- aws-sign2@0.6.0
126 silly currentTree | +-- aws4@1.4.1
126 silly currentTree | +-- balanced-match@0.4.1
126 silly currentTree | +-- bl@1.1.2
126 silly currentTree | | `-- readable-stream@2.0.6
126 silly currentTree | +-- block-stream@0.0.9
126 silly currentTree | +-- boom@2.10.1
126 silly currentTree | +-- brace-expansion@1.1.4
126 silly currentTree | +-- caseless@0.11.0
126 silly currentTree | +-- chalk@1.1.3
126 silly currentTree | +-- combined-stream@1.0.5
126 silly currentTree | +-- commander@2.9.0
126 silly currentTree | +-- concat-map@0.0.1
126 silly currentTree | +-- core-util-is@1.0.2
126 silly currentTree | +-- cryptiles@2.0.5
126 silly currentTree | +-- dashdash@1.13.1
126 silly currentTree | | `-- assert-plus@1.0.0
126 silly currentTree | +-- debug@2.2.0
126 silly currentTree | +-- deep-extend@0.4.1
126 silly currentTree | +-- delayed-stream@1.0.0
126 silly currentTree | +-- delegates@1.0.0
126 silly currentTree | +-- ecc-jsbn@0.1.1
126 silly currentTree | +-- escape-string-regexp@1.0.5
126 silly currentTree | +-- extend@3.0.0
126 silly currentTree | +-- extsprintf@1.0.2
126 silly currentTree | +-- forever-agent@0.6.1
126 silly currentTree | +-- form-data@1.0.0-rc4
126 silly currentTree | +-- fstream-ignore@1.0.4
126 silly currentTree | +-- fstream@1.0.9
126 silly currentTree | +-- gauge@1.2.7
126 silly currentTree | +-- generate-function@2.0.0
126 silly currentTree | +-- generate-object-property@1.2.0
126 silly currentTree | +-- getpass@0.1.6
126 silly currentTree | | `-- assert-plus@1.0.0
126 silly currentTree | +-- glob@7.0.3
126 silly currentTree | +-- graceful-fs@4.1.4
126 silly currentTree | +-- graceful-readlink@1.0.1
126 silly currentTree | +-- har-validator@2.0.6
126 silly currentTree | +-- has-ansi@2.0.0
126 silly currentTree | +-- has-unicode@2.0.0
126 silly currentTree | +-- hawk@3.1.3
126 silly currentTree | +-- hoek@2.16.3
126 silly currentTree | +-- http-signature@1.1.1
126 silly currentTree | +-- inflight@1.0.4
126 silly currentTree | +-- inherits@2.0.1
126 silly currentTree | +-- ini@1.3.4
126 silly currentTree | +-- is-my-json-valid@2.13.1
126 silly currentTree | +-- is-property@1.0.2
126 silly currentTree | +-- is-typedarray@1.0.0
126 silly currentTree | +-- isarray@1.0.0
126 silly currentTree | +-- isstream@0.1.2
126 silly currentTree | +-- jodid25519@1.0.2
126 silly currentTree | +-- jsbn@0.1.0
126 silly currentTree | +-- json-schema@0.2.2
126 silly currentTree | +-- json-stringify-safe@5.0.1
126 silly currentTree | +-- jsonpointer@2.0.0
126 silly currentTree | +-- jsprim@1.2.2
126 silly currentTree | +-- lodash._baseslice@4.0.0
126 silly currentTree | +-- lodash._basetostring@4.12.0
126 silly currentTree | +-- lodash.pad@4.4.0
126 silly currentTree | +-- lodash.padend@4.5.0
126 silly currentTree | +-- lodash.padstart@4.5.0
126 silly currentTree | +-- lodash.tostring@4.1.3
126 silly currentTree | +-- mime-db@1.23.0
126 silly currentTree | +-- mime-types@2.1.11
126 silly currentTree | +-- minimatch@3.0.0
126 silly currentTree | +-- minimist@0.0.8
126 silly currentTree | +-- mkdirp@0.5.1
126 silly currentTree | +-- ms@0.7.1
126 silly currentTree | +-- node-pre-gyp@0.6.28
126 silly currentTree | +-- node-uuid@1.4.7
126 silly currentTree | +-- nopt@3.0.6
126 silly currentTree | +-- npmlog@2.0.3
126 silly currentTree | +-- oauth-sign@0.8.2
126 silly currentTree | +-- once@1.3.3
126 silly currentTree | +-- path-is-absolute@1.0.0
126 silly currentTree | +-- pinkie-promise@2.0.1
126 silly currentTree | +-- pinkie@2.0.4
126 silly currentTree | +-- process-nextick-args@1.0.7
126 silly currentTree | +-- qs@6.1.0
126 silly currentTree | +-- rc@1.1.6
126 silly currentTree | | `-- minimist@1.2.0
126 silly currentTree | +-- readable-stream@2.1.2
126 silly currentTree | +-- request@2.72.0
126 silly currentTree | +-- rimraf@2.5.2
126 silly currentTree | +-- semver@5.1.0
126 silly currentTree | +-- sntp@1.0.9
126 silly currentTree | +-- sshpk@1.8.3
126 silly currentTree | | `-- assert-plus@1.0.0
126 silly currentTree | +-- string_decoder@0.10.31
126 silly currentTree | +-- stringstream@0.0.5
126 silly currentTree | +-- strip-ansi@3.0.1
126 silly currentTree | +-- strip-json-comments@1.0.4
126 silly currentTree | +-- supports-color@2.0.0
126 silly currentTree | +-- tar-pack@3.1.3
126 silly currentTree | | `-- readable-stream@2.0.6
126 silly currentTree | +-- tar@2.2.1
126 silly currentTree | +-- tough-cookie@2.2.2
126 silly currentTree | +-- tunnel-agent@0.4.3
126 silly currentTree | +-- tweetnacl@0.13.3
126 silly currentTree | +-- uid-number@0.0.6
126 silly currentTree | +-- util-deprecate@1.0.2
126 silly currentTree | +-- verror@1.3.6
126 silly currentTree | +-- wrappy@1.0.1
126 silly currentTree | `-- xtend@4.0.1
126 silly currentTree +-- sshpk@1.8.3
126 silly currentTree | `-- assert-plus@1.0.0
126 silly currentTree +-- statuses@1.3.0
126 silly currentTree +-- string_decoder@0.10.31
126 silly currentTree +-- stringstream@0.0.5
126 silly currentTree +-- strip-ansi@3.0.1
126 silly currentTree +-- supports-color@2.0.0
126 silly currentTree +-- tar@2.2.1
126 silly currentTree +-- through@2.3.8
126 silly currentTree +-- toposort-class@0.3.1
126 silly currentTree +-- tough-cookie@2.2.2
126 silly currentTree +-- tunnel-agent@0.4.3
126 silly currentTree +-- tweetnacl@0.13.3
126 silly currentTree +-- type-is@1.6.13
126 silly currentTree +-- typedarray@0.0.6
126 silly currentTree +-- underscore@1.8.3
126 silly currentTree +-- unpipe@1.0.0
126 silly currentTree +-- util-deprecate@1.0.2
126 silly currentTree +-- utils-merge@1.0.0
126 silly currentTree +-- validator@3.43.0
126 silly currentTree +-- vary@1.0.1
126 silly currentTree +-- verror@1.3.6
126 silly currentTree +-- wellknown@0.3.4
126 silly currentTree +-- which@1.2.10
126 silly currentTree +-- wkx@0.0.7
126 silly currentTree +-- wordwrap@0.0.3
126 silly currentTree +-- wrappy@1.0.2
126 silly currentTree `-- xtend@4.0.1
127 silly idealTree todo-api@1.0.0
127 silly idealTree +-- abbrev@1.0.9
127 silly idealTree +-- accepts@1.2.13
127 silly idealTree +-- ansi-regex@2.0.0
127 silly idealTree +-- ansi-styles@2.2.1
127 silly idealTree +-- ansi@0.3.1
127 silly idealTree +-- ap@0.2.0
127 silly idealTree +-- are-we-there-yet@1.1.2
127 silly idealTree +-- array-flatten@1.1.1
127 silly idealTree +-- array-index@1.0.0
127 silly idealTree +-- asn1@0.2.3
127 silly idealTree +-- assert-plus@0.2.0
127 silly idealTree +-- async@1.5.2
127 silly idealTree +-- aws-sign2@0.6.0
127 silly idealTree +-- aws4@1.4.1
127 silly idealTree +-- balanced-match@0.4.1
127 silly idealTree +-- bcrypt@0.8.5
127 silly idealTree | `-- nan@2.0.5
127 silly idealTree +-- bcryptjs@2.3.0
127 silly idealTree +-- bindings@1.2.1
127 silly idealTree +-- bl@1.1.2
127 silly idealTree +-- block-stream@0.0.9
127 silly idealTree +-- bluebird@2.9.34
127 silly idealTree +-- body-parser@1.15.1
127 silly idealTree +-- boom@2.10.1
127 silly idealTree +-- brace-expansion@1.1.5
127 silly idealTree +-- buffer-writer@1.0.0
127 silly idealTree +-- bytes@2.3.0
127 silly idealTree +-- caseless@0.11.0
127 silly idealTree +-- chalk@1.1.3
127 silly idealTree +-- combined-stream@1.0.5
127 silly idealTree +-- commander@2.9.0
127 silly idealTree +-- concat-map@0.0.1
127 silly idealTree +-- concat-stream@1.5.1
127 silly idealTree +-- content-disposition@0.5.1
127 silly idealTree +-- content-type@1.0.2
127 silly idealTree +-- cookie-signature@1.0.6
127 silly idealTree +-- cookie@0.1.5
127 silly idealTree +-- core-util-is@1.0.2
127 silly idealTree +-- cryptiles@2.0.5
127 silly idealTree +-- d@0.1.1
127 silly idealTree +-- dashdash@1.14.0
127 silly idealTree | `-- assert-plus@1.0.0
127 silly idealTree +-- debug@2.2.0
127 silly idealTree +-- delayed-stream@1.0.0
127 silly idealTree +-- delegates@1.0.0
127 silly idealTree +-- depd@1.1.0
127 silly idealTree +-- destroy@1.0.4
127 silly idealTree +-- dottie@0.3.1
127 silly idealTree +-- ecc-jsbn@0.1.1
127 silly idealTree +-- ee-first@1.1.1
127 silly idealTree +-- es5-ext@0.10.11
127 silly idealTree | `-- es6-symbol@3.0.2
127 silly idealTree +-- es6-iterator@2.0.0
127 silly idealTree +-- es6-symbol@3.1.0
127 silly idealTree +-- escape-html@1.0.3
127 silly idealTree +-- escape-string-regexp@1.0.5
127 silly idealTree +-- etag@1.7.0
127 silly idealTree +-- express@4.13.4
127 silly idealTree | `-- qs@4.0.0
127 silly idealTree +-- extend@3.0.0
127 silly idealTree +-- extsprintf@1.0.2
127 silly idealTree +-- finalhandler@0.4.1
127 silly idealTree +-- forever-agent@0.6.1
127 silly idealTree +-- form-data@1.0.0-rc4
127 silly idealTree +-- forwarded@0.1.0
127 silly idealTree +-- fresh@0.3.0
127 silly idealTree +-- fstream@1.0.9
127 silly idealTree +-- gauge@1.2.7
127 silly idealTree +-- generate-function@2.0.0
127 silly idealTree +-- generate-object-property@1.2.0
127 silly idealTree +-- generic-pool@2.2.0
127 silly idealTree +-- getpass@0.1.6
127 silly idealTree | `-- assert-plus@1.0.0
127 silly idealTree +-- glob@4.5.3
127 silly idealTree | `-- minimatch@2.0.10
127 silly idealTree +-- graceful-fs@4.1.4
127 silly idealTree +-- graceful-readlink@1.0.1
127 silly idealTree +-- har-validator@2.0.6
127 silly idealTree +-- has-ansi@2.0.0
127 silly idealTree +-- has-unicode@2.0.0
127 silly idealTree +-- hawk@3.1.3
127 silly idealTree +-- hoek@2.16.3
127 silly idealTree +-- http-errors@1.4.0
127 silly idealTree +-- http-signature@1.1.1
127 silly idealTree +-- iconv-lite@0.4.13
127 silly idealTree +-- inflection@1.10.0
127 silly idealTree +-- inflight@1.0.5
127 silly idealTree +-- inherits@2.0.1
127 silly idealTree +-- ipaddr.js@1.0.5
127 silly idealTree +-- is-my-json-valid@2.13.1
127 silly idealTree +-- is-property@1.0.2
127 silly idealTree +-- is-typedarray@1.0.0
127 silly idealTree +-- isarray@1.0.0
127 silly idealTree +-- isexe@1.1.2
127 silly idealTree +-- isstream@0.1.2
127 silly idealTree +-- jodid25519@1.0.2
127 silly idealTree +-- jsbn@0.1.0
127 silly idealTree +-- json-schema@0.2.2
127 silly idealTree +-- json-stringify-safe@5.0.1
127 silly idealTree +-- jsonpointer@2.0.0
127 silly idealTree +-- jsprim@1.2.2
127 silly idealTree +-- lodash._baseslice@4.0.0
127 silly idealTree +-- lodash._basetostring@4.12.0
127 silly idealTree +-- lodash.pad@4.4.0
127 silly idealTree +-- lodash.padend@4.5.0
127 silly idealTree +-- lodash.padstart@4.5.0
127 silly idealTree +-- lodash.tostring@4.1.3
127 silly idealTree +-- lodash@3.10.1
127 silly idealTree +-- lru-cache@2.7.3
127 silly idealTree +-- media-typer@0.3.0
127 silly idealTree +-- merge-descriptors@1.0.1
127 silly idealTree +-- methods@1.1.2
127 silly idealTree +-- mime-db@1.23.0
127 silly idealTree +-- mime-types@2.1.11
127 silly idealTree +-- mime@1.3.4
127 silly idealTree +-- minimatch@1.0.0
127 silly idealTree +-- minimist@1.1.3
127 silly idealTree +-- mkdirp@0.5.1
127 silly idealTree | `-- minimist@0.0.8
127 silly idealTree +-- moment-timezone@0.4.1
127 silly idealTree +-- moment@2.13.0
127 silly idealTree +-- ms@0.7.1
127 silly idealTree +-- nan@2.3.5
127 silly idealTree +-- negotiator@0.5.3
127 silly idealTree +-- node-gyp@3.3.1
127 silly idealTree +-- node-uuid@1.4.7
127 silly idealTree +-- nopt@3.0.6
127 silly idealTree +-- npmlog@2.0.4
127 silly idealTree +-- oauth-sign@0.8.2
127 silly idealTree +-- on-finished@2.3.0
127 silly idealTree +-- once@1.3.3
127 silly idealTree +-- optimist@0.3.7
127 silly idealTree +-- os-homedir@1.0.1
127 silly idealTree +-- os-tmpdir@1.0.1
127 silly idealTree +-- osenv@0.1.3
127 silly idealTree +-- packet-reader@0.2.0
127 silly idealTree +-- parseurl@1.3.1
127 silly idealTree +-- path-array@1.0.1
127 silly idealTree +-- path-is-absolute@1.0.0
127 silly idealTree +-- path-to-regexp@0.1.7
127 silly idealTree +-- pg-connection-string@0.1.3
127 silly idealTree +-- pg-hstore@2.3.2
127 silly idealTree +-- pg-types@1.11.0
127 silly idealTree +-- pg@4.4.1
127 silly idealTree | +-- generic-pool@2.1.1
127 silly idealTree | `-- semver@4.3.6
127 silly idealTree +-- pgpass@0.0.3
127 silly idealTree +-- pinkie-promise@2.0.1
127 silly idealTree +-- pinkie@2.0.4
127 silly idealTree +-- postgres-array@1.0.0
127 silly idealTree +-- postgres-bytea@1.0.0
127 silly idealTree +-- postgres-date@1.0.2
127 silly idealTree +-- postgres-interval@1.0.2
127 silly idealTree +-- process-nextick-args@1.0.7
127 silly idealTree +-- proxy-addr@1.0.10
127 silly idealTree +-- qs@6.1.0
127 silly idealTree +-- range-parser@1.0.3
127 silly idealTree +-- raw-body@2.1.6
127 silly idealTree +-- readable-stream@2.0.6
127 silly idealTree +-- rebuild@0.1.2
127 silly idealTree +-- request@2.72.0
127 silly idealTree +-- rimraf@2.5.2
127 silly idealTree | +-- glob@7.0.3
127 silly idealTree | `-- minimatch@3.0.0
127 silly idealTree +-- semver@5.1.0
127 silly idealTree +-- send@0.13.1
127 silly idealTree | +-- http-errors@1.3.1
127 silly idealTree | `-- statuses@1.2.1
127 silly idealTree +-- sequelize@3.5.1
127 silly idealTree +-- serve-static@1.10.3
127 silly idealTree | +-- http-errors@1.3.1
127 silly idealTree | +-- send@0.13.2
127 silly idealTree | `-- statuses@1.2.1
127 silly idealTree +-- shimmer@1.0.0
127 silly idealTree +-- sigmund@1.0.1
127 silly idealTree +-- sntp@1.0.9
127 silly idealTree +-- split@0.3.3
127 silly idealTree +-- sqlite3@3.1.4
127 silly idealTree | +-- abbrev@1.0.7
127 silly idealTree | +-- ansi-regex@2.0.0
127 silly idealTree | +-- ansi-styles@2.2.1
127 silly idealTree | +-- ansi@0.3.1
127 silly idealTree | +-- are-we-there-yet@1.1.2
127 silly idealTree | +-- asn1@0.2.3
127 silly idealTree | +-- assert-plus@0.2.0
127 silly idealTree | +-- async@1.5.2
127 silly idealTree | +-- aws-sign2@0.6.0
127 silly idealTree | +-- aws4@1.4.1
127 silly idealTree | +-- balanced-match@0.4.1
127 silly idealTree | +-- bl@1.1.2
127 silly idealTree | | `-- readable-stream@2.0.6
127 silly idealTree | +-- block-stream@0.0.9
127 silly idealTree | +-- boom@2.10.1
127 silly idealTree | +-- brace-expansion@1.1.4
127 silly idealTree | +-- caseless@0.11.0
127 silly idealTree | +-- chalk@1.1.3
127 silly idealTree | +-- combined-stream@1.0.5
127 silly idealTree | +-- commander@2.9.0
127 silly idealTree | +-- concat-map@0.0.1
127 silly idealTree | +-- core-util-is@1.0.2
127 silly idealTree | +-- cryptiles@2.0.5
127 silly idealTree | +-- dashdash@1.13.1
127 silly idealTree | | `-- assert-plus@1.0.0
127 silly idealTree | +-- debug@2.2.0
127 silly idealTree | +-- deep-extend@0.4.1
127 silly idealTree | +-- delayed-stream@1.0.0
127 silly idealTree | +-- delegates@1.0.0
127 silly idealTree | +-- ecc-jsbn@0.1.1
127 silly idealTree | +-- escape-string-regexp@1.0.5
127 silly idealTree | +-- extend@3.0.0
127 silly idealTree | +-- extsprintf@1.0.2
127 silly idealTree | +-- forever-agent@0.6.1
127 silly idealTree | +-- form-data@1.0.0-rc4
127 silly idealTree | +-- fstream-ignore@1.0.4
127 silly idealTree | +-- fstream@1.0.9
127 silly idealTree | +-- gauge@1.2.7
127 silly idealTree | +-- generate-function@2.0.0
127 silly idealTree | +-- generate-object-property@1.2.0
127 silly idealTree | +-- getpass@0.1.6
127 silly idealTree | | `-- assert-plus@1.0.0
127 silly idealTree | +-- glob@7.0.3
127 silly idealTree | +-- graceful-fs@4.1.4
127 silly idealTree | +-- graceful-readlink@1.0.1
127 silly idealTree | +-- har-validator@2.0.6
127 silly idealTree | +-- has-ansi@2.0.0
127 silly idealTree | +-- has-unicode@2.0.0
127 silly idealTree | +-- hawk@3.1.3
127 silly idealTree | +-- hoek@2.16.3
127 silly idealTree | +-- http-signature@1.1.1
127 silly idealTree | +-- inflight@1.0.4
127 silly idealTree | +-- inherits@2.0.1
127 silly idealTree | +-- ini@1.3.4
127 silly idealTree | +-- is-my-json-valid@2.13.1
127 silly idealTree | +-- is-property@1.0.2
127 silly idealTree | +-- is-typedarray@1.0.0
127 silly idealTree | +-- isarray@1.0.0
127 silly idealTree | +-- isstream@0.1.2
127 silly idealTree | +-- jodid25519@1.0.2
127 silly idealTree | +-- jsbn@0.1.0
127 silly idealTree | +-- json-schema@0.2.2
127 silly idealTree | +-- json-stringify-safe@5.0.1
127 silly idealTree | +-- jsonpointer@2.0.0
127 silly idealTree | +-- jsprim@1.2.2
127 silly idealTree | +-- lodash._baseslice@4.0.0
127 silly idealTree | +-- lodash._basetostring@4.12.0
127 silly idealTree | +-- lodash.pad@4.4.0
127 silly idealTree | +-- lodash.padend@4.5.0
127 silly idealTree | +-- lodash.padstart@4.5.0
127 silly idealTree | +-- lodash.tostring@4.1.3
127 silly idealTree | +-- mime-db@1.23.0
127 silly idealTree | +-- mime-types@2.1.11
127 silly idealTree | +-- minimatch@3.0.0
127 silly idealTree | +-- minimist@0.0.8
127 silly idealTree | +-- mkdirp@0.5.1
127 silly idealTree | +-- ms@0.7.1
127 silly idealTree | +-- node-pre-gyp@0.6.28
127 silly idealTree | +-- node-uuid@1.4.7
127 silly idealTree | +-- nopt@3.0.6
127 silly idealTree | +-- npmlog@2.0.3
127 silly idealTree | +-- oauth-sign@0.8.2
127 silly idealTree | +-- once@1.3.3
127 silly idealTree | +-- path-is-absolute@1.0.0
127 silly idealTree | +-- pinkie-promise@2.0.1
127 silly idealTree | +-- pinkie@2.0.4
127 silly idealTree | +-- process-nextick-args@1.0.7
127 silly idealTree | +-- qs@6.1.0
127 silly idealTree | +-- rc@1.1.6
127 silly idealTree | | `-- minimist@1.2.0
127 silly idealTree | +-- readable-stream@2.1.2
127 silly idealTree | +-- request@2.72.0
127 silly idealTree | +-- rimraf@2.5.2
127 silly idealTree | +-- semver@5.1.0
127 silly idealTree | +-- sntp@1.0.9
127 silly idealTree | +-- sshpk@1.8.3
127 silly idealTree | | `-- assert-plus@1.0.0
127 silly idealTree | +-- string_decoder@0.10.31
127 silly idealTree | +-- stringstream@0.0.5
127 silly idealTree | +-- strip-ansi@3.0.1
127 silly idealTree | +-- strip-json-comments@1.0.4
127 silly idealTree | +-- supports-color@2.0.0
127 silly idealTree | +-- tar-pack@3.1.3
127 silly idealTree | | `-- readable-stream@2.0.6
127 silly idealTree | +-- tar@2.2.1
127 silly idealTree | +-- tough-cookie@2.2.2
127 silly idealTree | +-- tunnel-agent@0.4.3
127 silly idealTree | +-- tweetnacl@0.13.3
127 silly idealTree | +-- uid-number@0.0.6
127 silly idealTree | +-- util-deprecate@1.0.2
127 silly idealTree | +-- verror@1.3.6
127 silly idealTree | +-- wrappy@1.0.1
127 silly idealTree | `-- xtend@4.0.1
127 silly idealTree +-- sshpk@1.8.3
127 silly idealTree | `-- assert-plus@1.0.0
127 silly idealTree +-- statuses@1.3.0
127 silly idealTree +-- string_decoder@0.10.31
127 silly idealTree +-- stringstream@0.0.5
127 silly idealTree +-- strip-ansi@3.0.1
127 silly idealTree +-- supports-color@2.0.0
127 silly idealTree +-- tar@2.2.1
127 silly idealTree +-- through@2.3.8
127 silly idealTree +-- toposort-class@0.3.1
127 silly idealTree +-- tough-cookie@2.2.2
127 silly idealTree +-- tunnel-agent@0.4.3
127 silly idealTree +-- tweetnacl@0.13.3
127 silly idealTree +-- type-is@1.6.13
127 silly idealTree +-- typedarray@0.0.6
127 silly idealTree +-- underscore@1.8.3
127 silly idealTree +-- unpipe@1.0.0
127 silly idealTree +-- util-deprecate@1.0.2
127 silly idealTree +-- utils-merge@1.0.0
127 silly idealTree +-- validator@3.43.0
127 silly idealTree +-- vary@1.0.1
127 silly idealTree +-- verror@1.3.6
127 silly idealTree +-- wellknown@0.3.4
127 silly idealTree +-- which@1.2.10
127 silly idealTree +-- wkx@0.0.7
127 silly idealTree +-- wordwrap@0.0.3
127 silly idealTree +-- wrappy@1.0.2
127 silly idealTree `-- xtend@4.0.1
128 silly generateActionsToTake Starting
129 silly install generateActionsToTake
130 silly generateActionsToTake Finishing
131 silly diffTrees action count 3
132 silly diffTrees add nan@2.0.5
133 silly diffTrees add bindings@1.2.1
134 silly diffTrees add bcrypt@0.8.5
135 silly decomposeActions action count 24
136 silly decomposeActions fetch nan@2.0.5
137 silly decomposeActions extract nan@2.0.5
138 silly decomposeActions test nan@2.0.5
139 silly decomposeActions preinstall nan@2.0.5
140 silly decomposeActions build nan@2.0.5
141 silly decomposeActions install nan@2.0.5
142 silly decomposeActions postinstall nan@2.0.5
143 silly decomposeActions finalize nan@2.0.5
144 silly decomposeActions fetch bindings@1.2.1
145 silly decomposeActions extract bindings@1.2.1
146 silly decomposeActions test bindings@1.2.1
147 silly decomposeActions preinstall bindings@1.2.1
148 silly decomposeActions build bindings@1.2.1
149 silly decomposeActions install bindings@1.2.1
150 silly decomposeActions postinstall bindings@1.2.1
151 silly decomposeActions finalize bindings@1.2.1
152 silly decomposeActions fetch bcrypt@0.8.5
153 silly decomposeActions extract bcrypt@0.8.5
154 silly decomposeActions test bcrypt@0.8.5
155 silly decomposeActions preinstall bcrypt@0.8.5
156 silly decomposeActions build bcrypt@0.8.5
157 silly decomposeActions install bcrypt@0.8.5
158 silly decomposeActions postinstall bcrypt@0.8.5
159 silly decomposeActions finalize bcrypt@0.8.5
160 silly executeActions Starting
161 silly install executeActions
162 silly doSerial global-install 0
163 silly doParallel fetch 3
164 verbose correctMkdir C:\Users\Nani\AppData\Roaming\npm-cache\_locks correctMkdir not in flight; initializing
165 verbose lock using C:\Users\Nani\AppData\Roaming\npm-cache\_locks\staging-33756352e58bc323.lock for G:\NODE-JS- COURSE\expressjs\todo-api\node_modules\.staging
166 silly doParallel extract 3
167 silly extract nan@2.0.5
168 silly extract bindings@1.2.1
169 silly extract bcrypt@0.8.5
170 verbose unbuild node_modules\.staging\bindings-fd761f2f
171 verbose unbuild node_modules\.staging\nan-3a28153a
172 verbose unbuild node_modules\.staging\bcrypt-c0ea642b
173 silly gentlyRm G:\NODE-JS- COURSE\expressjs\todo-api\node_modules\.staging\bindings-fd761f2f is being purged from base G:\NODE-JS- COURSE\expressjs\todo-api
174 verbose gentlyRm don't care about contents; nuking G:\NODE-JS- COURSE\expressjs\todo-api\node_modules\.staging\bindings-fd761f2f
175 silly gentlyRm G:\NODE-JS- COURSE\expressjs\todo-api\node_modules\.staging\nan-3a28153a is being purged from base G:\NODE-JS- COURSE\expressjs\todo-api
176 verbose gentlyRm don't care about contents; nuking G:\NODE-JS- COURSE\expressjs\todo-api\node_modules\.staging\nan-3a28153a
177 verbose tar unpack C:\Users\Nani\AppData\Roaming\npm-cache\bindings\1.2.1\package.tgz
178 verbose tar unpacking to G:\NODE-JS- COURSE\expressjs\todo-api\node_modules\.staging\bindings-fd761f2f
179 silly gentlyRm G:\NODE-JS- COURSE\expressjs\todo-api\node_modules\.staging\bindings-fd761f2f is being purged
180 verbose gentlyRm don't care about contents; nuking G:\NODE-JS- COURSE\expressjs\todo-api\node_modules\.staging\bindings-fd761f2f
181 verbose tar unpack C:\Users\Nani\AppData\Roaming\npm-cache\nan\2.0.5\package.tgz
182 verbose tar unpacking to G:\NODE-JS- COURSE\expressjs\todo-api\node_modules\.staging\nan-3a28153a
183 silly gentlyRm G:\NODE-JS- COURSE\expressjs\todo-api\node_modules\.staging\nan-3a28153a is being purged
184 verbose gentlyRm don't care about contents; nuking G:\NODE-JS- COURSE\expressjs\todo-api\node_modules\.staging\nan-3a28153a
185 silly gentlyRm G:\NODE-JS- COURSE\expressjs\todo-api\node_modules\.staging\bcrypt-c0ea642b is being purged from base G:\NODE-JS- COURSE\expressjs\todo-api
186 verbose gentlyRm don't care about contents; nuking G:\NODE-JS- COURSE\expressjs\todo-api\node_modules\.staging\bcrypt-c0ea642b
187 silly gunzTarPerm modes [ '777', '666' ]
188 silly gunzTarPerm modes [ '777', '666' ]
189 verbose tar unpack C:\Users\Nani\AppData\Roaming\npm-cache\bcrypt\0.8.5\package.tgz
190 verbose tar unpacking to G:\NODE-JS- COURSE\expressjs\todo-api\node_modules\.staging\bcrypt-c0ea642b
191 silly gentlyRm G:\NODE-JS- COURSE\expressjs\todo-api\node_modules\.staging\bcrypt-c0ea642b is being purged
192 verbose gentlyRm don't care about contents; nuking G:\NODE-JS- COURSE\expressjs\todo-api\node_modules\.staging\bcrypt-c0ea642b
193 silly gunzTarPerm modes [ '777', '666' ]
194 silly gunzTarPerm extractEntry package.json
195 silly gunzTarPerm modified mode [ 'package.json', 436, 438 ]
196 silly gunzTarPerm extractEntry package.json
197 silly gunzTarPerm modified mode [ 'package.json', 420, 438 ]
198 silly gunzTarPerm extractEntry package.json
199 silly gunzTarPerm modified mode [ 'package.json', 420, 438 ]
200 silly gunzTarPerm extractEntry README.md
201 silly gunzTarPerm modified mode [ 'README.md', 436, 438 ]
202 silly gunzTarPerm extractEntry README.md
203 silly gunzTarPerm modified mode [ 'README.md', 420, 438 ]
204 silly gunzTarPerm extractEntry bindings.js
205 silly gunzTarPerm modified mode [ 'bindings.js', 420, 438 ]
206 silly gunzTarPerm extractEntry include_dirs.js
207 silly gunzTarPerm modified mode [ 'include_dirs.js', 436, 438 ]
208 silly gunzTarPerm extractEntry .npmignore
209 silly gunzTarPerm modified mode [ '.npmignore', 420, 438 ]
210 silly gunzTarPerm extractEntry README.md
211 silly gunzTarPerm modified mode [ 'README.md', 420, 438 ]
212 silly gunzTarPerm extractEntry nan_converters.h
213 silly gunzTarPerm modified mode [ 'nan_converters.h', 436, 438 ]
214 silly gunzTarPerm extractEntry LICENSE.md
215 silly gunzTarPerm modified mode [ 'LICENSE.md', 436, 438 ]
216 silly gunzTarPerm extractEntry .dntrc
217 silly gunzTarPerm modified mode [ '.dntrc', 436, 438 ]
218 silly gunzTarPerm extractEntry LICENSE
219 silly gunzTarPerm modified mode [ 'LICENSE', 420, 438 ]
220 silly gunzTarPerm extractEntry bcrypt.js
221 silly gunzTarPerm modified mode [ 'bcrypt.js', 420, 438 ]
222 silly gunzTarPerm extractEntry appveyor.yml
223 silly gunzTarPerm modified mode [ 'appveyor.yml', 436, 438 ]
224 silly gunzTarPerm extractEntry binding.gyp
225 silly gunzTarPerm modified mode [ 'binding.gyp', 420, 438 ]
226 silly gentlyRm G:\NODE-JS- COURSE\expressjs\todo-api\node_modules\.staging\bindings-fd761f2f\node_modules is being purged
227 verbose gentlyRm don't care about contents; nuking G:\NODE-JS- COURSE\expressjs\todo-api\node_modules\.staging\bindings-fd761f2f\node_modules
228 silly gunzTarPerm extractEntry doc/new.md
229 silly gunzTarPerm modified mode [ 'doc/new.md', 436, 438 ]
230 silly gunzTarPerm extractEntry doc/.build.sh
231 silly gunzTarPerm modified mode [ 'doc/.build.sh', 509, 511 ]
232 silly gunzTarPerm extractEntry .travis.yml
233 silly gunzTarPerm modified mode [ '.travis.yml', 420, 438 ]
234 silly gunzTarPerm extractEntry CHANGELOG.md
235 silly gunzTarPerm modified mode [ 'CHANGELOG.md', 420, 438 ]
236 silly gunzTarPerm extractEntry examples/async_compare.js
237 silly gunzTarPerm modified mode [ 'examples/async_compare.js', 420, 438 ]
238 silly gunzTarPerm extractEntry examples/forever_gen_salt.js
239 silly gunzTarPerm modified mode [ 'examples/forever_gen_salt.js', 420, 438 ]
240 silly gunzTarPerm extractEntry doc/buffers.md
241 silly gunzTarPerm modified mode [ 'doc/buffers.md', 436, 438 ]
242 silly gunzTarPerm extractEntry doc/callback.md
243 silly gunzTarPerm modified mode [ 'doc/callback.md', 436, 438 ]
244 silly gunzTarPerm extractEntry test/async.js
245 silly gunzTarPerm modified mode [ 'test/async.js', 420, 438 ]
246 silly gunzTarPerm extractEntry test/repetitions.js
247 silly gunzTarPerm modified mode [ 'test/repetitions.js', 420, 438 ]
248 silly gunzTarPerm extractEntry test/sync.js
249 silly gunzTarPerm modified mode [ 'test/sync.js', 420, 438 ]
250 silly gunzTarPerm extractEntry Makefile
251 silly gunzTarPerm modified mode [ 'Makefile', 420, 438 ]
252 silly gunzTarPerm extractEntry doc/converters.md
253 silly gunzTarPerm modified mode [ 'doc/converters.md', 436, 438 ]
254 silly gunzTarPerm extractEntry doc/errors.md
255 silly gunzTarPerm modified mode [ 'doc/errors.md', 436, 438 ]
256 silly gunzTarPerm extractEntry src/bcrypt.cc
257 silly gunzTarPerm modified mode [ 'src/bcrypt.cc', 420, 438 ]
258 silly gunzTarPerm extractEntry src/bcrypt_node.cc
259 silly gunzTarPerm modified mode [ 'src/bcrypt_node.cc', 420, 438 ]
260 silly gunzTarPerm extractEntry doc/maybe_types.md
261 silly gunzTarPerm modified mode [ 'doc/maybe_types.md', 436, 438 ]
262 silly gunzTarPerm extractEntry doc/methods.md
263 silly gunzTarPerm modified mode [ 'doc/methods.md', 436, 438 ]
264 silly gunzTarPerm extractEntry src/blowfish.cc
265 silly gunzTarPerm modified mode [ 'src/blowfish.cc', 420, 438 ]
266 silly gunzTarPerm extractEntry src/node_blf.h
267 silly gunzTarPerm modified mode [ 'src/node_blf.h', 420, 438 ]
268 silly gunzTarPerm extractEntry werker.yml
269 silly gunzTarPerm modified mode [ 'werker.yml', 420, 438 ]
270 silly gunzTarPerm extractEntry doc/asyncworker.md
271 silly gunzTarPerm modified mode [ 'doc/asyncworker.md', 436, 438 ]
272 silly gunzTarPerm extractEntry doc/node_misc.md
273 silly gunzTarPerm modified mode [ 'doc/node_misc.md', 436, 438 ]
274 silly gunzTarPerm extractEntry doc/persistent.md
275 silly gunzTarPerm modified mode [ 'doc/persistent.md', 436, 438 ]
276 silly gunzTarPerm extractEntry doc/scopes.md
277 silly gunzTarPerm modified mode [ 'doc/scopes.md', 436, 438 ]
278 silly gunzTarPerm extractEntry doc/script.md
279 silly gunzTarPerm modified mode [ 'doc/script.md', 436, 438 ]
280 silly gunzTarPerm extractEntry doc/string_bytes.md
281 silly gunzTarPerm modified mode [ 'doc/string_bytes.md', 436, 438 ]
282 silly gunzTarPerm extractEntry doc/v8_internals.md
283 silly gunzTarPerm modified mode [ 'doc/v8_internals.md', 436, 438 ]
284 silly gunzTarPerm extractEntry doc/v8_misc.md
285 silly gunzTarPerm modified mode [ 'doc/v8_misc.md', 436, 438 ]
286 silly gunzTarPerm extractEntry nan.h
287 silly gunzTarPerm modified mode [ 'nan.h', 436, 438 ]
288 silly gunzTarPerm extractEntry nan_callbacks.h
289 silly gunzTarPerm modified mode [ 'nan_callbacks.h', 436, 438 ]
290 silly gunzTarPerm extractEntry nan_callbacks_12_inl.h
291 silly gunzTarPerm modified mode [ 'nan_callbacks_12_inl.h', 436, 438 ]
292 silly gunzTarPerm extractEntry nan_callbacks_pre_12_inl.h
293 silly gunzTarPerm modified mode [ 'nan_callbacks_pre_12_inl.h', 436, 438 ]
294 silly gunzTarPerm extractEntry nan_converters_43_inl.h
295 silly gunzTarPerm modified mode [ 'nan_converters_43_inl.h', 436, 438 ]
296 silly gunzTarPerm extractEntry nan_converters_pre_43_inl.h
297 silly gunzTarPerm modified mode [ 'nan_converters_pre_43_inl.h', 436, 438 ]
298 silly gunzTarPerm extractEntry nan_implementation_12_inl.h
299 silly gunzTarPerm modified mode [ 'nan_implementation_12_inl.h', 436, 438 ]
300 silly gunzTarPerm extractEntry nan_implementation_pre_12_inl.h
301 silly gunzTarPerm modified mode [ 'nan_implementation_pre_12_inl.h', 436, 438 ]
302 silly gunzTarPerm extractEntry nan_maybe_43_inl.h
303 silly gunzTarPerm modified mode [ 'nan_maybe_43_inl.h', 436, 438 ]
304 silly gunzTarPerm extractEntry nan_maybe_pre_43_inl.h
305 silly gunzTarPerm modified mode [ 'nan_maybe_pre_43_inl.h', 436, 438 ]
306 silly gunzTarPerm extractEntry nan_new.h
307 silly gunzTarPerm modified mode [ 'nan_new.h', 436, 438 ]
308 silly gunzTarPerm extractEntry nan_object_wrap.h
309 silly gunzTarPerm modified mode [ 'nan_object_wrap.h', 436, 438 ]
310 silly gunzTarPerm extractEntry nan_persistent_12_inl.h
311 silly gunzTarPerm modified mode [ 'nan_persistent_12_inl.h', 436, 438 ]
312 silly gunzTarPerm extractEntry nan_persistent_pre_12_inl.h
313 silly gunzTarPerm modified mode [ 'nan_persistent_pre_12_inl.h', 436, 438 ]
314 silly gunzTarPerm extractEntry nan_string_bytes.h
315 silly gunzTarPerm modified mode [ 'nan_string_bytes.h', 436, 438 ]
316 silly gunzTarPerm extractEntry nan_weak.h
317 silly gunzTarPerm modified mode [ 'nan_weak.h', 436, 438 ]
318 silly gunzTarPerm extractEntry CHANGELOG.md
319 silly gunzTarPerm modified mode [ 'CHANGELOG.md', 436, 438 ]
320 silly gunzTarPerm extractEntry tools/package.json
321 silly gunzTarPerm modified mode [ 'tools/package.json', 436, 438 ]
322 silly gunzTarPerm extractEntry tools/README.md
323 silly gunzTarPerm modified mode [ 'tools/README.md', 436, 438 ]
324 silly gunzTarPerm extractEntry tools/1to2.js
325 silly gunzTarPerm modified mode [ 'tools/1to2.js', 509, 511 ]
326 silly gentlyRm G:\NODE-JS- COURSE\expressjs\todo-api\node_modules\.staging\bcrypt-c0ea642b\node_modules is being purged
327 verbose gentlyRm don't care about contents; nuking G:\NODE-JS- COURSE\expressjs\todo-api\node_modules\.staging\bcrypt-c0ea642b\node_modules
328 silly gentlyRm G:\NODE-JS- COURSE\expressjs\todo-api\node_modules\.staging\nan-3a28153a\node_modules is being purged
329 verbose gentlyRm don't care about contents; nuking G:\NODE-JS- COURSE\expressjs\todo-api\node_modules\.staging\nan-3a28153a\node_modules
330 silly doParallel preinstall 3
331 silly preinstall nan@2.0.5 G:\NODE-JS- COURSE\expressjs\todo-api\node_modules\.staging\nan-3a28153a
332 info lifecycle nan@2.0.5~preinstall: nan@2.0.5
333 silly preinstall bindings@1.2.1 G:\NODE-JS- COURSE\expressjs\todo-api\node_modules\.staging\bindings-fd761f2f
334 info lifecycle bindings@1.2.1~preinstall: bindings@1.2.1
335 silly preinstall bcrypt@0.8.5 G:\NODE-JS- COURSE\expressjs\todo-api\node_modules\.staging\bcrypt-c0ea642b
336 info lifecycle bcrypt@0.8.5~preinstall: bcrypt@0.8.5
337 silly lifecycle nan@2.0.5~preinstall: no script for preinstall, continuing
338 silly lifecycle bindings@1.2.1~preinstall: no script for preinstall, continuing
339 silly lifecycle bcrypt@0.8.5~preinstall: no script for preinstall, continuing
340 silly doReverseSerial remove 0
341 silly doSerial move 0
342 silly doSerial finalize 3
343 silly finalize G:\NODE-JS- COURSE\expressjs\todo-api\node_modules\bcrypt\node_modules\nan
344 silly finalize G:\NODE-JS- COURSE\expressjs\todo-api\node_modules\bindings
345 silly finalize G:\NODE-JS- COURSE\expressjs\todo-api\node_modules\bcrypt
346 silly doSerial build 3
347 silly build nan@2.0.5
348 info linkStuff nan@2.0.5
349 silly linkStuff nan@2.0.5 has G:\NODE-JS- COURSE\expressjs\todo-api\node_modules\bcrypt\node_modules as its parent node_modules
350 verbose linkBins nan@2.0.5
351 verbose linkMans nan@2.0.5
352 silly build bindings@1.2.1
353 info linkStuff bindings@1.2.1
354 silly linkStuff bindings@1.2.1 has G:\NODE-JS- COURSE\expressjs\todo-api\node_modules as its parent node_modules
355 verbose linkBins bindings@1.2.1
356 verbose linkMans bindings@1.2.1
357 silly build bcrypt@0.8.5
358 info linkStuff bcrypt@0.8.5
359 silly linkStuff bcrypt@0.8.5 has G:\NODE-JS- COURSE\expressjs\todo-api\node_modules as its parent node_modules
360 verbose linkBins bcrypt@0.8.5
361 verbose linkMans bcrypt@0.8.5
362 silly doSerial global-link 0
363 silly doParallel update-linked 0
364 silly doSerial install 3
365 silly install nan@2.0.5 G:\NODE-JS- COURSE\expressjs\todo-api\node_modules\.staging\nan-3a28153a
366 info lifecycle nan@2.0.5~install: nan@2.0.5
367 silly lifecycle nan@2.0.5~install: no script for install, continuing
368 silly install bindings@1.2.1 G:\NODE-JS- COURSE\expressjs\todo-api\node_modules\.staging\bindings-fd761f2f
369 info lifecycle bindings@1.2.1~install: bindings@1.2.1
370 silly lifecycle bindings@1.2.1~install: no script for install, continuing
371 silly install bcrypt@0.8.5 G:\NODE-JS- COURSE\expressjs\todo-api\node_modules\.staging\bcrypt-c0ea642b
372 info lifecycle bcrypt@0.8.5~install: bcrypt@0.8.5
373 verbose lifecycle bcrypt@0.8.5~install: unsafe-perm in lifecycle true
374 verbose lifecycle bcrypt@0.8.5~install: PATH: C:\Program Files\nodejs\node_modules\npm\bin\node-gyp-bin;G:\NODE-JS- COURSE\expressjs\todo-api\node_modules\bcrypt\node_modules\.bin;G:\NODE-JS- COURSE\expressjs\todo-api\node_modules\.bin;C:\Program Files\nodejs;C:\Users\Nani\AppData\Local\Programs\Git\cmd;F:\app\Nani\product\12.1.0\dbhome_1\bin;C:\ProgramData\Oracle\Java\javapath;C:\Program Files (x86)\Intel\iCLS Client\;C:\Program Files\Intel\iCLS Client\;C:\WINDOWS\system32;C:\WINDOWS;C:\WINDOWS\System32\Wbem;C:\WINDOWS\System32\WindowsPowerShell\v1.0\;C:\Program Files\Intel\Intel(R) Management Engine Components\DAL;C:\Program Files\Intel\Intel(R) Management Engine Components\IPT;C:\Program Files (x86)\Intel\Intel(R) Management Engine Components\DAL;C:\Program Files (x86)\Intel\Intel(R) Management Engine Components\IPT;C:\Program Files\SASHome\x86\Secure\ccme4;C:\Program Files\SASHome\Secure\ccme4;C:\Program Files\Java\jdk1.8.0_25\bin;C:\Program Files (x86)\Windows Live\Shared;C:\Program Files (x86)\Common Files\lenovo\easyplussdk\bin;C:\Program Files (x86)\Skype\Phone\;C:\Program Files\nodejs\;C:\Program Files (x86)\Heroku\bin;C:\Program Files (x86)\git\cmd;C:\Program Files (x86)\Git\cmd;C:\Program Files (x86)\Google\Chrome\Application;C:\ProgramData\Oracle\Java\javapath;C:\Program Files (x86)\Intel\iCLS Client\;C:\Program Files\Intel\iCLS Client\;C:\WINDOWS\system32;C:\WINDOWS;C:\WINDOWS\System32\Wbem;C:\WINDOWS\System32\WindowsPowerShell\v1.0\;C:\Program Files\Intel\Intel(R) Management Engine Components\DAL;C:\Program Files\Intel\Intel(R) Management Engine Components\IPT;C:\Program Files (x86)\Intel\Intel(R) Management Engine Components\DAL;C:\Program Files (x86)\Intel\Intel(R) Management Engine Components\IPT;C:\Program Files\SASHome\x86\Secure\ccme4;C:\Program Files\SASHome\Secure\ccme4;C:\Program Files\Java\jdk1.8.0_25\bin;C:\Program Files (x86)\Windows Live\Shared;C:\Program Files (x86)\Common Files\lenovo\easyplussdk\bin;C:\Program Files (x86)\Skype\Phone\;C:\Users\Nani\AppData\Roaming\npm;C:\Users\Nani\AppData\Local\Programs\Git\cmd
375 verbose lifecycle bcrypt@0.8.5~install: CWD: G:\NODE-JS- COURSE\expressjs\todo-api\node_modules\bcrypt
376 silly lifecycle bcrypt@0.8.5~install: Args: [ '/d /s /c', 'node-gyp rebuild' ]
377 silly lifecycle bcrypt@0.8.5~install: Returned: code: 1  signal: null
378 info lifecycle bcrypt@0.8.5~install: Failed to exec install script
379 verbose unlock done using C:\Users\Nani\AppData\Roaming\npm-cache\_locks\staging-33756352e58bc323.lock for G:\NODE-JS- COURSE\expressjs\todo-api\node_modules\.staging
380 silly rollbackFailedOptional Starting
381 silly rollbackFailedOptional Finishing
382 silly runTopLevelLifecycles Starting
383 silly runTopLevelLifecycles Finishing
384 silly install printInstalled
385 warn todo-api@1.0.0 No description
386 warn todo-api@1.0.0 No repository field.
387 verbose stack Error: bcrypt@0.8.5 install: `node-gyp rebuild`
387 verbose stack Exit status 1
387 verbose stack     at EventEmitter.<anonymous> (C:\Program Files\nodejs\node_modules\npm\lib\utils\lifecycle.js:245:16)
387 verbose stack     at emitTwo (events.js:106:13)
387 verbose stack     at EventEmitter.emit (events.js:191:7)
387 verbose stack     at ChildProcess.<anonymous> (C:\Program Files\nodejs\node_modules\npm\lib\utils\spawn.js:24:14)
387 verbose stack     at emitTwo (events.js:106:13)
387 verbose stack     at ChildProcess.emit (events.js:191:7)
387 verbose stack     at maybeClose (internal/child_process.js:850:16)
387 verbose stack     at Process.ChildProcess._handle.onexit (internal/child_process.js:215:5)
388 verbose pkgid bcrypt@0.8.5
389 verbose cwd G:\NODE-JS- COURSE\expressjs\todo-api
390 error Windows_NT 10.0.10586
391 error argv "C:\\Program Files\\nodejs\\node.exe" "C:\\Program Files\\nodejs\\node_modules\\npm\\bin\\npm-cli.js" "install" "bcrypt@0.8.5" "--save"
392 error node v6.2.0
393 error npm  v3.8.9
394 error code ELIFECYCLE
395 error bcrypt@0.8.5 install: `node-gyp rebuild`
395 error Exit status 1
396 error Failed at the bcrypt@0.8.5 install script 'node-gyp rebuild'.
396 error Make sure you have the latest version of node.js and npm installed.
396 error If you do, this is most likely a problem with the bcrypt package,
396 error not with npm itself.
396 error Tell the author that this fails on your system:
396 error     node-gyp rebuild
396 error You can get information on how to open an issue for this project with:
396 error     npm bugs bcrypt
396 error Or if that isn't available, you can get their info via:
396 error     npm owner ls bcrypt
396 error There is likely additional logging output above.
397 verbose exit [ 1, true ]
